  pipeline.cpp
c:\users\kobezjzhang\desktop\open_project\kzengine\softengine\3dengine\pipeline.h(6): warning C4067: 预处理器指令后有意外标记 - 应输入换行符
C:\Users\kobezjzhang\Desktop\open_project\KZEngine\SoftEngine\3DEngine\pipeline.cpp(38): warning C4267: “初始化”: 从“size_t”转换到“uint32_t”，可能丢失数据
C:\Users\kobezjzhang\Desktop\open_project\KZEngine\SoftEngine\3DEngine\pipeline.cpp(1060): warning C4267: “初始化”: 从“size_t”转换到“uint32_t”，可能丢失数据
C:\Users\kobezjzhang\Desktop\open_project\KZEngine\SoftEngine\3DEngine\pipeline.cpp(1062): warning C4267: “初始化”: 从“size_t”转换到“uint32_t”，可能丢失数据
C:\Users\kobezjzhang\Desktop\open_project\KZEngine\SoftEngine\3DEngine\pipeline.cpp(1154): warning C4018: “<”: 有符号/无符号不匹配
C:\Users\kobezjzhang\Desktop\open_project\KZEngine\SoftEngine\3DEngine\pipeline.cpp(1186): warning C4018: “<”: 有符号/无符号不匹配
C:\Users\kobezjzhang\Desktop\open_project\KZEngine\SoftEngine\3DEngine\pipeline.cpp(1191): warning C4018: “<”: 有符号/无符号不匹配
  bsp.cpp
c:\users\kobezjzhang\desktop\open_project\kzengine\softengine\3dengine\pipeline.h(6): warning C4067: 预处理器指令后有意外标记 - 应输入换行符
C:\Users\kobezjzhang\Desktop\open_project\KZEngine\SoftEngine\3DEngine\bsp.cpp(22): warning C4267: “初始化”: 从“size_t”转换到“uint32_t”，可能丢失数据
C:\Users\kobezjzhang\Desktop\open_project\KZEngine\SoftEngine\3DEngine\bsp.cpp(57): warning C4267: “初始化”: 从“size_t”转换到“uint32_t”，可能丢失数据
C:\Users\kobezjzhang\Desktop\open_project\KZEngine\SoftEngine\3DEngine\bsp.cpp(66): warning C4267: “初始化”: 从“size_t”转换到“uint32_t”，可能丢失数据
  bhv.cpp
c:\users\kobezjzhang\desktop\open_project\kzengine\softengine\3dengine\pipeline.h(6): warning C4067: 预处理器指令后有意外标记 - 应输入换行符
C:\Users\kobezjzhang\Desktop\open_project\KZEngine\SoftEngine\3DEngine\bhv.cpp(49): warning C4018: “<”: 有符号/无符号不匹配
C:\Users\kobezjzhang\Desktop\open_project\KZEngine\SoftEngine\3DEngine\bhv.cpp(133): warning C4267: “初始化”: 从“size_t”转换到“uint32_t”，可能丢失数据
C:\Users\kobezjzhang\Desktop\open_project\KZEngine\SoftEngine\3DEngine\bhv.cpp(135): warning C4267: “初始化”: 从“size_t”转换到“uint32_t”，可能丢失数据
  test.cpp
c:\users\kobezjzhang\desktop\open_project\kzengine\softengine\3dengine\pipeline.h(6): warning C4067: 预处理器指令后有意外标记 - 应输入换行符
C:\Users\kobezjzhang\Desktop\open_project\KZEngine\SoftEngine\3DEngine\test.cpp(181): warning C4800: “ATOM”: 将值强制为布尔值“true”或“false”(性能警告)
  正在生成代码...
c:\users\kobezjzhang\desktop\open_project\kzengine\softengine\3dengine\test.cpp(152): warning C4715: “WndProc”: 不是所有的控件路径都返回值
  KZEngine.vcxproj -> C:\Users\kobezjzhang\Desktop\open_project\KZEngine\SoftEngine\build\3DEngine\Debug\KZEngine.exe
  KZEngine.vcxproj -> C:/Users/kobezjzhang/Desktop/open_project/KZEngine/SoftEngine/build/3DEngine/Debug/KZEngine.pdb (Full PDB)
